<?xml version="1.0" encoding="UTF-8"?>
<!-- Generated by org.testng.reporters.JUnitReportReporter -->
<testsuite hostname="MSTSYS0000188" failures="0" tests="3" name="edu.training.test.CrossBrowserTest" time="60.445" errors="0" timestamp="2023-03-24T12:52:30 IST" skipped="0">
  <testcase classname="edu.training.test.CrossBrowserTest" name="login" time="19.036"/>
  <system-out/>
  <testcase classname="edu.training.test.CrossBrowserTest" name="login" time="29.305"/>
  <system-out/>
  <testcase classname="edu.training.test.CrossBrowserTest" name="login" time="12.104"/>
  <system-out/>
</testsuite> <!-- edu.training.test.CrossBrowserTest -->
